<?xml version='1.0'?>
<ns2:test-suite xmlns:ns2='urn:model.allure.qatools.yandex.ru' start='1622168957724' stop='1622168959720'>
    <name>Find my benefits</name>
    <title>Find my benefits</title>
    <test-cases>
        <test-case start='1622168957724' status='broken' stop='1622168959719'>
            <name>should be able to navigate to find my benefits from the home page</name>
            <title>should be able to navigate to find my benefits from the home page</title>
            <labels>
                <label name='language' value='javascript'/>
                <label name='framework' value='wdio'/>
                <label name='thread' value='0-0'/>
                <label name='language' value='javascript'/>
                <label name='framework' value='wdio'/>
                <label name='thread' value='0-0'/>
            </labels>
            <parameters>
                <parameter kind='argument' name='browser' value='Chrome-90.0.4430.212'/>
                <parameter kind='argument' name='browser' value='Chrome-90.0.4430.212'/>
            </parameters>
            <steps>
                <step start='1622168957742' status='passed' stop='1622168959688'>
                    <name>navigateTo</name>
                    <title>navigateTo</title>
                    <attachments>
                        <attachment title='Request' source='a801ae29-801f-4875-9a1b-2f356d21d6ca-attachment.json' type='application/json' size='40'/>
                    </attachments>
                    <steps/>
                </step>
                <step start='1622168959712' status='broken' stop='1622168959718'>
                    <name>findElement</name>
                    <title>findElement</title>
                    <attachments>
                        <attachment title='Request' source='89d6d112-1beb-4c44-ad05-7437d28c7d86-attachment.json' type='application/json' size='74'/>
                    </attachments>
                    <steps/>
                </step>
            </steps>
            <attachments/>
            <failure>
                <message>Evaluation failed: DOMException: Failed to execute 'querySelector' on 'Document': '[routerLink=/vision-insurance]' is not a valid selector.
                    at __puppeteer_evaluation_script__:1:33</message>
                <stack-trace>Evaluation failed: DOMException: Failed to execute 'querySelector' on 'Document': '[routerLink=/vision-insurance]' is not a valid selector.
                    at __puppeteer_evaluation_script__:1:33
                Error: Evaluation failed: DOMException: Failed to execute 'querySelector' on 'Document': '[routerLink=/vision-insurance]' is not a valid selector.
                    at __puppeteer_evaluation_script__:1:33
                    at ExecutionContext._evaluateInternal (/Users/pjcalvo/Documents/repos-course/techgroundqa-q2-2021/semana2dia4/node_modules/puppeteer-core/lib/cjs/puppeteer/common/ExecutionContext.js:221:19)
                    at processTicksAndRejections (node:internal/process/task_queues:93:5)
                    at async ElementHandle.evaluateHandle (/Users/pjcalvo/Documents/repos-course/techgroundqa-q2-2021/semana2dia4/node_modules/puppeteer-core/lib/cjs/puppeteer/common/JSHandle.js:120:16)
                    at async Object.internalHandler.queryOne (/Users/pjcalvo/Documents/repos-course/techgroundqa-q2-2021/semana2dia4/node_modules/puppeteer-core/lib/cjs/puppeteer/common/QueryHandler.js:24:30)
                    at async DOMWorld.$ (/Users/pjcalvo/Documents/repos-course/techgroundqa-q2-2021/semana2dia4/node_modules/puppeteer-core/lib/cjs/puppeteer/common/DOMWorld.js:95:23)
                    at async DevToolsDriver.findElement (/Users/pjcalvo/Documents/repos-course/techgroundqa-q2-2021/semana2dia4/node_modules/devtools/build/utils.js:89:15)
                    at async Browser.wrappedCommand (/Users/pjcalvo/Documents/repos-course/techgroundqa-q2-2021/semana2dia4/node_modules/devtools/build/devtoolsdriver.js:75:26)
                    at async Browser.wrapCommandFn (/Users/pjcalvo/Documents/repos-course/techgroundqa-q2-2021/semana2dia4/node_modules/@wdio/utils/build/shim.js:78:29)
                    at async Browser.$ (/Users/pjcalvo/Documents/repos-course/techgroundqa-q2-2021/semana2dia4/node_modules/webdriverio/build/commands/browser/$.js:83:17)
                    at async Browser.wrapCommandFn (/Users/pjcalvo/Documents/repos-course/techgroundqa-q2-2021/semana2dia4/node_modules/@wdio/utils/build/shim.js:78:29)</stack-trace>
            </failure>
        </test-case>
    </test-cases>
</ns2:test-suite>